<?xml version="1.0" encoding="UTF-8"?>
<testsuite xmlns:xsi="http://www.w3.org/2001/XMLSchema-instance" xsi:noNamespaceSchemaLocation="https://maven.apache.org/surefire/maven-failsafe-plugin/xsd/failsafe-test-report.xsd" name="vvssL5.features.scenariu.TestScenariu" time="45.96" tests="8" errors="2" skipped="0" failures="0">
  <properties>
[...]
</properties>
  <testcase name="testBtnAddNewSnippetLink" classname="vvssL5.features.scenariu.TestScenariu" time="7.555"/>
  <testcase name="testLogin" classname="vvssL5.features.scenariu.TestScenariu" time="5.274"/>
  <testcase name="testBtnViewMySnippetLink" classname="vvssL5.features.scenariu.TestScenariu" time="2.047"/>
  <testcase name="testDeleteSnippet" classname="vvssL5.features.scenariu.TestScenariu" time="2.94"/>
  <testcase name="TestScenario" classname="vvssL5.features.scenariu.TestScenariu" time="16.652">
    <error message="File not found: C:\Users\darab\OneDrive\Desktop\vvss-serenityV2\src\test\resources\narrative.txt" type="net.thucydides.core.pages.components.FileToUploadCouldNotBeFoundException">net.thucydides.core.pages.components.FileToUploadCouldNotBeFoundException: File not found: C:\Users\darab\OneDrive\Desktop\vvss-serenityV2\src\test\resources\narrative.txt
	at vvssL5.features.scenariu.TestScenariu.testUpload(TestScenariu.java:130)
	at vvssL5.features.scenariu.TestScenariu.TestScenario(TestScenariu.java:50)
</error>
    <system-err><![CDATA[[main] INFO  - 
        __    _____ _____ ____ _____   ____   _    ____  ____  _____ ____  
  _     \ \  |_   _| ____/ ___|_   _| |  _ \ / \  / ___|/ ___|| ____|  _ \ 
 (_)_____| |   | | |  _| \___ \ | |   | |_) / _ \ \___ \\___ \|  _| | | | |
  _|_____| |   | | | |___ ___) || |   |  __/ ___ \ ___) |___) | |___| |_| |
 (_)     | |   |_| |_____|____/ |_|   |_| /_/   \_\____/|____/|_____|____/ 
        /_/                                                                

Test delete snippet
----------------------------------------------------------------------------
[main] INFO  - 
 _____ _____ ____ _____   ____ _____  _    ____ _____ _____ ____  
|_   _| ____/ ___|_   _| / ___|_   _|/ \  |  _ \_   _| ____|  _ \ 
  | | |  _| \___ \ | |   \___ \ | | / _ \ | |_) || | |  _| | | | |
  | | | |___ ___) || |    ___) || |/ ___ \|  _ < | | | |___| |_| |
  |_| |_____|____/ |_|   |____/ |_/_/   \_\_| \_\|_| |_____|____/ 

TestScenario
-------------------------------------------------------------------
]]></system-err>
  </testcase>
  <testcase name="testAddNewSnippetForm" classname="vvssL5.features.scenariu.TestScenariu" time="5.777"/>
  <testcase name="testBtnLogout" classname="vvssL5.features.scenariu.TestScenariu" time="1.685"/>
  <testcase name="testUpload" classname="vvssL5.features.scenariu.TestScenariu" time="1.68">
    <error message="File not found: C:\Users\darab\OneDrive\Desktop\vvss-serenityV2\src\test\resources\narrative.txt" type="net.thucydides.core.pages.components.FileToUploadCouldNotBeFoundException">net.thucydides.core.pages.components.FileToUploadCouldNotBeFoundException: File not found: C:\Users\darab\OneDrive\Desktop\vvss-serenityV2\src\test\resources\narrative.txt
	at vvssL5.features.scenariu.TestScenariu.testUpload(TestScenariu.java:130)
</error>
    <system-err><![CDATA[[main] INFO  - 
        __    _____ _____ ____ _____   ____   _    ____  ____  _____ ____  
  _     \ \  |_   _| ____/ ___|_   _| |  _ \ / \  / ___|/ ___|| ____|  _ \ 
 (_)_____| |   | | |  _| \___ \ | |   | |_) / _ \ \___ \\___ \|  _| | | | |
  _|_____| |   | | | |___ ___) || |   |  __/ ___ \ ___) |___) | |___| |_| |
 (_)     | |   |_| |_____|____/ |_|   |_| /_/   \_\____/|____/|_____|____/ 
        /_/                                                                

Test btn logout
----------------------------------------------------------------------------
[main] INFO  - 
 _____ _____ ____ _____   ____ _____  _    ____ _____ _____ ____  
|_   _| ____/ ___|_   _| / ___|_   _|/ \  |  _ \_   _| ____|  _ \ 
  | | |  _| \___ \ | |   \___ \ | | / _ \ | |_) || | |  _| | | | |
  | | | |___ ___) || |    ___) || |/ ___ \|  _ < | | | |___| |_| |
  |_| |_____|____/ |_|   |____/ |_/_/   \_\_| \_\|_| |_____|____/ 

testUpload
-------------------------------------------------------------------
]]></system-err>
  </testcase>
</testsuite>