<?xml version="1.0" encoding="UTF-8"?><testsuite errors="2" failures="0" name="vvssL5.features.scenariu.TestScenariu" skipped="0" tests="8" time="43.61" timestamp="2020-05-22 12:10:18"><testcase classname="vvssL5.features.scenariu.TestScenariu" name="Test btn add new snippet link"/><testcase classname="vvssL5.features.scenariu.TestScenariu" name="Test login"/><testcase classname="vvssL5.features.scenariu.TestScenariu" name="Test btn view my snippet link"/><testcase classname="vvssL5.features.scenariu.TestScenariu" name="Test delete snippet"/><testcase classname="vvssL5.features.scenariu.TestScenariu" name="Test scenario"><error message="File not found: C:\Users\darab\OneDrive\Desktop\vvss-serenityV2\src\test\resources\narrative.txt" type="net.thucydides.core.pages.components.FileToUploadCouldNotBeFoundException">File not found: C:\Users\darab\OneDrive\Desktop\vvss-serenityV2\src\test\resources\narrative.txt</error><system-err>File not found: C:\Users\darab\OneDrive\Desktop\vvss-serenityV2\src\test\resources\narrative.txt&#13;
vvssL5.features.scenariu.TestScenariu.testUpload(TestScenariu.java:130)&#13;
vvssL5.features.scenariu.TestScenariu.TestScenario(TestScenariu.java:50)&#13;
</system-err></testcase><testcase classname="vvssL5.features.scenariu.TestScenariu" name="Test add new snippet form"/><testcase classname="vvssL5.features.scenariu.TestScenariu" name="Test btn logout"/><testcase classname="vvssL5.features.scenariu.TestScenariu" name="Test upload"><error message="File not found: C:\Users\darab\OneDrive\Desktop\vvss-serenityV2\src\test\resources\narrative.txt" type="net.thucydides.core.pages.components.FileToUploadCouldNotBeFoundException">File not found: C:\Users\darab\OneDrive\Desktop\vvss-serenityV2\src\test\resources\narrative.txt</error><system-err>File not found: C:\Users\darab\OneDrive\Desktop\vvss-serenityV2\src\test\resources\narrative.txt&#13;
vvssL5.features.scenariu.TestScenariu.testUpload(TestScenariu.java:130)&#13;
</system-err></testcase></testsuite>